<?xml version="1.0" encoding="UTF-8"?>
<!-- Generated by org.testng.reporters.JUnitReportReporter -->
<testsuite skipped="0" hostname="LVLFCPAB000385" name="Test_Package.TestNG_Data_Driven_Test" tests="4" failures="0" timestamp="12 Jul 2017 18:59:47 GMT" time="0.199" errors="0">
  <testcase name="Launchapp" time="0.004" classname="Test_Package.TestNG_Data_Driven_Test"/>
  <testcase name="Launchapp" time="0.192" classname="Test_Package.TestNG_Data_Driven_Test"/>
  <testcase name="Validate_Loc_Settings" time="0.001" classname="Test_Package.TestNG_Data_Driven_Test"/>
  <testcase name="Validate_Loc_Settings" time="0.002" classname="Test_Package.TestNG_Data_Driven_Test"/>
</testsuite> <!-- Test_Package.TestNG_Data_Driven_Test -->
