<?xml version="1.0" encoding="UTF-8"?>
<!-- Generated by org.testng.reporters.JUnitReportReporter -->
<testsuite skipped="0" hostname="LVLFCPAB000385" name="Test_Package.Calculator" tests="1" failures="0" timestamp="06 Jul 2017 22:46:51 GMT" time="0.006" errors="0">
  <testcase name="testCal" time="0.006" classname="Test_Package.Calculator"/>
</testsuite> <!-- Test_Package.Calculator -->
