<?xml version="1.0" encoding="UTF-8"?>
<!-- Generated by org.testng.reporters.JUnitReportReporter -->
<testsuite skipped="0" hostname="LVLFCPAB000385" name="com.MyGNP_TCs.Init" tests="1" failures="0" timestamp="06 Nov 2017 17:28:36 GMT" time="31.489" errors="0">
  <testcase name="setUp" time="31.489" classname="com.MyGNP_TCs.Init"/>
</testsuite> <!-- com.MyGNP_TCs.Init -->
