<?xml version="1.0" encoding="UTF-8"?>
<!-- Generated by org.testng.reporters.JUnitReportReporter -->
<testsuite skipped="0" hostname="LVLFCPAB000385" name="com.MyGNP_TCs.TC_2_Choose_Pharmacy" tests="9" failures="0" timestamp="06 Nov 2017 17:28:36 GMT" time="97.119" errors="0">
  <testcase name="init" time="0.010" classname="com.MyGNP_TCs.TC_2_Choose_Pharmacy"/>
  <testcase name="validate_my_pharmacy_view" time="9.255" classname="com.MyGNP_TCs.TC_2_Choose_Pharmacy"/>
  <testcase name="select_popup" time="11.159" classname="com.MyGNP_TCs.TC_2_Choose_Pharmacy"/>
  <testcase name="enter_zip_store_locator" time="21.856" classname="com.MyGNP_TCs.TC_2_Choose_Pharmacy"/>
  <testcase name="tap_pharmacy" time="9.960" classname="com.MyGNP_TCs.TC_2_Choose_Pharmacy"/>
  <testcase name="select_preferred" time="9.052" classname="com.MyGNP_TCs.TC_2_Choose_Pharmacy"/>
  <testcase name="Choose_Pharmacy" time="12.314" classname="com.MyGNP_TCs.TC_2_Choose_Pharmacy"/>
  <testcase name="validate_Store_Locator_Display" time="13.513" classname="com.MyGNP_TCs.TC_2_Choose_Pharmacy"/>
  <testcase name="navtolistview" time="10.000" classname="com.MyGNP_TCs.TC_2_Choose_Pharmacy"/>
</testsuite> <!-- com.MyGNP_TCs.TC_2_Choose_Pharmacy -->
