<?xml version="1.0" encoding="UTF-8"?>
<!-- Generated by org.testng.reporters.JUnitReportReporter -->
<testsuite skipped="0" hostname="LVLFCPAB000385" name="Test_Package.Test_Extent_Manager" tests="1" failures="0" timestamp="12 Jul 2017 22:47:41 GMT" time="0.018" errors="0">
  <testcase name="checkFail" time="0.018" classname="Test_Package.Test_Extent_Manager"/>
</testsuite> <!-- Test_Package.Test_Extent_Manager -->
