<?xml version="1.0" encoding="UTF-8"?>
<!-- Generated by org.testng.reporters.JUnitReportReporter -->
<testsuite skipped="0" hostname="LVLFCPAB000385" name="com.MyGNP_TCs.TC_0_Init" tests="1" failures="0" timestamp="26 Jul 2017 16:36:37 GMT" time="27.076" errors="0">
  <testcase name="setUp" time="27.076" classname="com.MyGNP_TCs.TC_0_Init"/>
</testsuite> <!-- com.MyGNP_TCs.TC_0_Init -->
