<?xml version="1.0" encoding="UTF-8"?>
<!-- Generated by org.testng.reporters.JUnitReportReporter -->
<testsuite skipped="0" hostname="LVLFCPAB000385" name="Test_Package.myGNP_Launch_Time" tests="3" failures="0" timestamp="07 Jul 2017 20:30:13 GMT" time="24.779" errors="0">
  <testcase name="Launchapp" time="4.203" classname="Test_Package.myGNP_Launch_Time"/>
  <testcase name="Validate_Loc_Settings" time="0.025" classname="Test_Package.myGNP_Launch_Time"/>
  <testcase name="Validate_Home_Page" time="20.551" classname="Test_Package.myGNP_Launch_Time"/>
</testsuite> <!-- Test_Package.myGNP_Launch_Time -->
