<?xml version="1.0" encoding="UTF-8"?>
<!-- Generated by org.testng.reporters.JUnitReportReporter -->
<testsuite skipped="0" hostname="LVLFCPAB000385" name="com.MyGNP_TCs.TC_3_Create_Family_Profile" tests="6" failures="0" timestamp="07 Aug 2017 19:50:02 GMT" time="50.510" errors="0">
  <testcase name="add_data" time="19.627" classname="com.MyGNP_TCs.TC_3_Create_Family_Profile"/>
  <testcase name="validate_add_profile" time="12.061" classname="com.MyGNP_TCs.TC_3_Create_Family_Profile"/>
  <testcase name="click_family_profile" time="6.672" classname="com.MyGNP_TCs.TC_3_Create_Family_Profile"/>
  <testcase name="init" time="0.021" classname="com.MyGNP_TCs.TC_3_Create_Family_Profile"/>
  <testcase name="validate_family_profille" time="6.030" classname="com.MyGNP_TCs.TC_3_Create_Family_Profile"/>
  <testcase name="add_new" time="6.099" classname="com.MyGNP_TCs.TC_3_Create_Family_Profile"/>
</testsuite> <!-- com.MyGNP_TCs.TC_3_Create_Family_Profile -->
