<?xml version="1.0" encoding="UTF-8"?>
<!-- Generated by org.testng.reporters.JUnitReportReporter -->
<testsuite skipped="0" hostname="LVLFCPAB000385" name="com.MyGNP_TCs.TC_1_Validate_App_Launch" tests="13" failures="0" timestamp="25 Jul 2017 16:04:36 GMT" time="130.583" errors="0">
  <testcase name="select_popup" time="8.492" classname="com.MyGNP_TCs.TC_1_Validate_App_Launch"/>
  <testcase name="validate_Store_Locator_Display" time="10.938" classname="com.MyGNP_TCs.TC_1_Validate_App_Launch"/>
  <testcase name="Validate_App_Launch" time="7.582" classname="com.MyGNP_TCs.TC_1_Validate_App_Launch"/>
  <testcase name="Validate_Google_Device_Settings" time="9.441" classname="com.MyGNP_TCs.TC_1_Validate_App_Launch"/>
  <testcase name="Validate_HomePage" time="10.124" classname="com.MyGNP_TCs.TC_1_Validate_App_Launch"/>
  <testcase name="Choose_Pharmacy" time="10.836" classname="com.MyGNP_TCs.TC_1_Validate_App_Launch"/>
  <testcase name="select_preferred" time="8.951" classname="com.MyGNP_TCs.TC_1_Validate_App_Launch"/>
  <testcase name="enter_zip_store_locator" time="18.323" classname="com.MyGNP_TCs.TC_1_Validate_App_Launch"/>
  <testcase name="validate_my_pharmacy_view" time="8.286" classname="com.MyGNP_TCs.TC_1_Validate_App_Launch"/>
  <testcase name="Accept_TnC" time="11.228" classname="com.MyGNP_TCs.TC_1_Validate_App_Launch"/>
  <testcase name="Google_Accept_TnC" time="9.750" classname="com.MyGNP_TCs.TC_1_Validate_App_Launch"/>
  <testcase name="navtolistview" time="8.024" classname="com.MyGNP_TCs.TC_1_Validate_App_Launch"/>
  <testcase name="tap_pharmacy" time="8.608" classname="com.MyGNP_TCs.TC_1_Validate_App_Launch"/>
</testsuite> <!-- com.MyGNP_TCs.TC_1_Validate_App_Launch -->
