<?xml version="1.0" encoding="UTF-8"?>
<!-- Generated by org.testng.reporters.JUnitReportReporter -->
<testsuite skipped="0" hostname="LVLFCPAB000385" name="Test_Package.myGNP_Launch_Android" tests="30" failures="0" timestamp="12 Jul 2017 17:05:21 GMT" time="233.019" errors="0">
  <testcase name="Launchapp" time="15.165" classname="Test_Package.myGNP_Launch_Android"/>
  <testcase name="Validate_Home_Page" time="0.111" classname="Test_Package.myGNP_Launch_Android"/>
  <testcase name="setUp" time="0.002" classname="Test_Package.myGNP_Launch_Android"/>
  <testcase name="setUp" time="0.000" classname="Test_Package.myGNP_Launch_Android"/>
  <testcase name="setUp" time="0.022" classname="Test_Package.myGNP_Launch_Android"/>
  <testcase name="Validate_Loc_Settings" time="20.967" classname="Test_Package.myGNP_Launch_Android"/>
  <testcase name="Validate_Launchapp" time="3.596" classname="Test_Package.myGNP_Launch_Android"/>
  <testcase name="Validate_Launchapp" time="3.679" classname="Test_Package.myGNP_Launch_Android"/>
  <testcase name="Launchapp" time="16.378" classname="Test_Package.myGNP_Launch_Android"/>
  <testcase name="Validate_Loc_Settings" time="20.248" classname="Test_Package.myGNP_Launch_Android"/>
  <testcase name="teardown" time="7.138" classname="Test_Package.myGNP_Launch_Android"/>
  <testcase name="teardown" time="7.316" classname="Test_Package.myGNP_Launch_Android"/>
  <testcase name="Validate_Home_Page" time="0.125" classname="Test_Package.myGNP_Launch_Android"/>
  <testcase name="Validate_Home_Page" time="0.110" classname="Test_Package.myGNP_Launch_Android"/>
  <testcase name="Launchapp" time="14.884" classname="Test_Package.myGNP_Launch_Android"/>
  <testcase name="Validate_Launchapp" time="3.513" classname="Test_Package.myGNP_Launch_Android"/>
  <testcase name="Validate_Launchapp" time="3.662" classname="Test_Package.myGNP_Launch_Android"/>
  <testcase name="Validate_Home_Page" time="0.130" classname="Test_Package.myGNP_Launch_Android"/>
  <testcase name="teardown" time="6.907" classname="Test_Package.myGNP_Launch_Android"/>
  <testcase name="teardown" time="6.944" classname="Test_Package.myGNP_Launch_Android"/>
  <testcase name="setUp" time="0.001" classname="Test_Package.myGNP_Launch_Android"/>
  <testcase name="Validate_Loc_Settings" time="20.538" classname="Test_Package.myGNP_Launch_Android"/>
  <testcase name="setUp" time="0.002" classname="Test_Package.myGNP_Launch_Android"/>
  <testcase name="Validate_Loc_Settings" time="20.368" classname="Test_Package.myGNP_Launch_Android"/>
  <testcase name="Validate_Loc_Settings" time="20.635" classname="Test_Package.myGNP_Launch_Android"/>
  <testcase name="teardown" time="6.941" classname="Test_Package.myGNP_Launch_Android"/>
  <testcase name="Validate_Home_Page" time="0.162" classname="Test_Package.myGNP_Launch_Android"/>
  <testcase name="Launchapp" time="14.534" classname="Test_Package.myGNP_Launch_Android"/>
  <testcase name="Validate_Launchapp" time="3.606" classname="Test_Package.myGNP_Launch_Android"/>
  <testcase name="Launchapp" time="15.335" classname="Test_Package.myGNP_Launch_Android"/>
</testsuite> <!-- Test_Package.myGNP_Launch_Android -->
