<?xml version="1.0" encoding="UTF-8"?>
<!-- Generated by org.testng.reporters.JUnitReportReporter -->
<testsuite skipped="0" hostname="LVLFCPAB000385" name="Test_Package.SomeTest" tests="6" failures="0" timestamp="12 Jul 2017 15:19:05 GMT" time="0.019" errors="0">
  <testcase name="thirdTest" time="0.001" classname="Test_Package.SomeTest"/>
  <testcase name="firstTest" time="0.013" classname="Test_Package.SomeTest"/>
  <testcase name="thirdTest" time="0.001" classname="Test_Package.SomeTest"/>
  <testcase name="secondTest" time="0.001" classname="Test_Package.SomeTest"/>
  <testcase name="firstTest" time="0.002" classname="Test_Package.SomeTest"/>
  <testcase name="secondTest" time="0.001" classname="Test_Package.SomeTest"/>
</testsuite> <!-- Test_Package.SomeTest -->
