<?xml version="1.0" encoding="UTF-8"?>
<!-- Generated by org.testng.reporters.JUnitReportReporter -->
<testsuite skipped="0" hostname="LVLFCPAB000385" name="Test_Package.myGNP_Launch_Time2" tests="6" failures="0" timestamp="12 Jul 2017 17:25:29 GMT" time="53.161" errors="0">
  <testcase name="Validate_Loc_Settings" time="20.430" classname="Test_Package.myGNP_Launch_Time2"/>
  <testcase name="Validate_Home_Page" time="0.115" classname="Test_Package.myGNP_Launch_Time2"/>
  <testcase name="Launchapp" time="16.436" classname="Test_Package.myGNP_Launch_Time2"/>
  <testcase name="setUp" time="0.012" classname="Test_Package.myGNP_Launch_Time2"/>
  <testcase name="Validate_Launchapp" time="9.018" classname="Test_Package.myGNP_Launch_Time2"/>
  <testcase name="teardown" time="7.150" classname="Test_Package.myGNP_Launch_Time2"/>
</testsuite> <!-- Test_Package.myGNP_Launch_Time2 -->
