<?xml version="1.0" encoding="UTF-8"?>
<!-- Generated by org.testng.reporters.JUnitReportReporter -->
<testsuite skipped="0" hostname="LVLFCPAB000385" name="com.MyGNP_TCs.TC_1_Launch_Application" tests="6" failures="0" timestamp="06 Nov 2017 17:28:36 GMT" time="55.989" errors="0">
  <testcase name="Validate_Google_Device_Settings" time="11.153" classname="com.MyGNP_TCs.TC_1_Launch_Application"/>
  <testcase name="init" time="0.197" classname="com.MyGNP_TCs.TC_1_Launch_Application"/>
  <testcase name="Accept_TnC" time="10.320" classname="com.MyGNP_TCs.TC_1_Launch_Application"/>
  <testcase name="Validate_HomePage" time="13.122" classname="com.MyGNP_TCs.TC_1_Launch_Application"/>
  <testcase name="Google_Accept_TnC" time="12.236" classname="com.MyGNP_TCs.TC_1_Launch_Application"/>
  <testcase name="Validate_App_Launch" time="8.961" classname="com.MyGNP_TCs.TC_1_Launch_Application"/>
</testsuite> <!-- com.MyGNP_TCs.TC_1_Launch_Application -->
